0    [main] DEBUG org.apache.cxf.common.logging.LogUtils  - Using org.apache.cxf.common.logging.Log4jLogger for logging.
116  [main] DEBUG org.apache.cxf.resource.DefaultResourceManager  - resolving resource <org.apache.cxf.transport.http.asyncclient.AsyncHTTPConduitFactory/bus> type <interface org.apache.cxf.Bus>
117  [main] DEBUG org.apache.cxf.resource.DefaultResourceManager  - resolving resource <null> type <interface org.apache.cxf.Bus>
159  [main] INFO  org.apache.cxf.wsdl.service.factory.ReflectionServiceFactoryBean  - Creating Service {http://youtube.crossfit.com/}youtubeSOAPImplService from class com.crossfit.youtube.Youtube
302  [main] DEBUG org.apache.cxf.jaxb.JAXBDataBinding  - Created JAXBContext "jar:file:/C:/Users/orlan/.m2/repository/com/sun/xml/bind/jaxb-impl/2.1.13/jaxb-impl-2.1.13.jar!/com/sun/xml/bind/v2/runtime/JAXBContextImpl.class Build-Id: 2.1.13
Classes known to this context:
  [B
  boolean
  byte
  char
  com.crossfit.youtube.ChangeVideo
  com.crossfit.youtube.ChangeVideoResponse
  com.sun.xml.bind.api.CompositeStructure
  double
  float
  int
  java.awt.Image
  java.io.File
  java.lang.Boolean
  java.lang.Byte
  java.lang.Character
  java.lang.Class
  java.lang.Double
  java.lang.Float
  java.lang.Integer
  java.lang.Long
  java.lang.Object
  java.lang.Short
  java.lang.String
  java.lang.Void
  java.math.BigDecimal
  java.math.BigInteger
  java.net.URI
  java.net.URL
  java.util.Calendar
  java.util.Date
  java.util.GregorianCalendar
  java.util.UUID
  javax.activation.DataHandler
  javax.xml.bind.JAXBElement
  javax.xml.datatype.Duration
  javax.xml.datatype.XMLGregorianCalendar
  javax.xml.namespace.QName
  javax.xml.transform.Source
  long
  short
  void
" with classes [class com.crossfit.youtube.ChangeVideo, class com.crossfit.youtube.ChangeVideoResponse, class com.crossfit.youtube.ObjectFactory].
403  [main] DEBUG org.apache.cxf.resource.DefaultResourceManager  - resolving resource <org.apache.cxf.wsdl11.WSDLManagerImpl/bus> type <interface org.apache.cxf.Bus>
403  [main] DEBUG org.apache.cxf.resource.DefaultResourceManager  - resolving resource <null> type <interface org.apache.cxf.Bus>
538  [main] DEBUG org.apache.cxf.transport.http_jetty.JettyHTTPServerEngineFactory  - Creating Jetty HTTP Server Engine for port 8080.
542  [main] DEBUG org.apache.cxf.transport.http_jetty.JettyHTTPServerEngine  - Configured port 8080 for "http".
542  [main] INFO  org.apache.cxf.endpoint.ServerImpl  - Setting the server's publish address to be http://localhost:8080/ss/youtubeSOAP
548  [main] DEBUG org.apache.cxf.jaxws.handler.AnnotationHandlerChainBuilder  - building handler chain
548  [main] DEBUG org.apache.cxf.jaxws.handler.AnnotationHandlerChainBuilder  - Checking for HandlerChain annotation on com.crossfit.youtube.youtubeSOAPImpl
549  [main] DEBUG org.apache.cxf.jaxws.handler.AnnotationHandlerChainBuilder  - Checking for HandlerChain annotation on com.crossfit.youtube.Youtube
549  [main] DEBUG org.apache.cxf.jaxws.handler.AnnotationHandlerChainBuilder  - Checking for HandlerChain annotation on java.lang.Object
549  [main] DEBUG org.apache.cxf.jaxws.handler.AnnotationHandlerChainBuilder  - no HandlerChain annotation on class com.crossfit.youtube.youtubeSOAPImpl
549  [main] DEBUG org.apache.cxf.endpoint.ServerImpl  - Server is starting.
550  [main] DEBUG org.apache.cxf.transport.http_jetty.JettyHTTPDestination  - registering incoming observer: org.apache.cxf.transport.ChainInitiationObserver@35dab4eb
550  [main] DEBUG org.apache.cxf.transport.http_jetty.JettyHTTPDestination  - Activating receipt of incoming messages
555  [main] DEBUG org.eclipse.jetty.util.log  - Logging to org.slf4j.impl.Log4jLoggerAdapter(org.eclipse.jetty.util.log) via org.eclipse.jetty.util.log.Slf4jLog
571  [main] DEBUG org.eclipse.jetty.util.component.Container  - Container org.eclipse.jetty.server.Server@7188af83 + SelectChannelConnector@localhost:8080 as connector
573  [main] DEBUG org.eclipse.jetty.util.component.Container  - Container org.eclipse.jetty.server.Server@7188af83 + org.eclipse.jetty.server.handler.ContextHandlerCollection@1040be71 as handler
573  [main] DEBUG org.eclipse.jetty.util.component.AbstractLifeCycle  - starting org.eclipse.jetty.server.Server@7188af83
574  [main] INFO  org.eclipse.jetty.server.Server  - jetty-8.1.14.v20131031
584  [main] DEBUG org.eclipse.jetty.util.component.Container  - Container org.eclipse.jetty.server.Server@7188af83 + qtp1020154737{8<=0<=0/254,-1} as threadpool
584  [main] DEBUG org.eclipse.jetty.util.component.AbstractLifeCycle  - starting org.eclipse.jetty.server.handler.ContextHandlerCollection@1040be71
585  [main] DEBUG org.eclipse.jetty.server.handler.AbstractHandler  - starting org.eclipse.jetty.server.handler.ContextHandlerCollection@1040be71
585  [main] DEBUG org.eclipse.jetty.util.component.AbstractLifeCycle  - STARTED org.eclipse.jetty.server.handler.ContextHandlerCollection@1040be71
585  [main] DEBUG org.eclipse.jetty.server.handler.AbstractHandler  - starting org.eclipse.jetty.server.Server@7188af83
585  [main] DEBUG org.eclipse.jetty.util.component.AbstractLifeCycle  - starting qtp1020154737{8<=0<=0/254,-1}
587  [main] DEBUG org.eclipse.jetty.util.component.AbstractLifeCycle  - STARTED qtp1020154737{8<=6<=8/254,0}
587  [main] DEBUG org.eclipse.jetty.util.component.AbstractLifeCycle  - starting SelectChannelConnector@localhost:8080
604  [main] DEBUG org.eclipse.jetty.util.component.AbstractLifeCycle  - starting null/null
606  [main] DEBUG org.eclipse.jetty.util.component.AbstractLifeCycle  - STARTED PooledBuffers [0/1024@6144,0/1024@16384,0/1024@-]/PooledBuffers [0/1024@6144,0/1024@32768,0/1024@-]
606  [main] DEBUG org.eclipse.jetty.util.component.AbstractLifeCycle  - starting org.eclipse.jetty.server.nio.SelectChannelConnector$ConnectorSelectorManager@38467116
809  [main] DEBUG org.eclipse.jetty.util.component.AbstractLifeCycle  - STARTED org.eclipse.jetty.server.nio.SelectChannelConnector$ConnectorSelectorManager@38467116
809  [qtp1020154737-17 Selector0] DEBUG org.eclipse.jetty.io.nio  - Starting Thread[qtp1020154737-17 Selector0,5,main] on org.eclipse.jetty.io.nio.SelectorManager$1@12121867
809  [qtp1020154737-21 Selector1] DEBUG org.eclipse.jetty.io.nio  - Starting Thread[qtp1020154737-21 Selector1,5,main] on org.eclipse.jetty.io.nio.SelectorManager$1@54214db1
810  [main] INFO  org.eclipse.jetty.server.AbstractConnector  - Started SelectChannelConnector@localhost:8080
810  [main] DEBUG org.eclipse.jetty.util.component.AbstractLifeCycle  - STARTED SelectChannelConnector@localhost:8080
810  [main] DEBUG org.eclipse.jetty.util.component.AbstractLifeCycle  - STARTED org.eclipse.jetty.server.Server@7188af83
813  [main] DEBUG org.eclipse.jetty.util.component.Container  - Container o.e.j.s.h.ContextHandler{/ss,null} + org.apache.cxf.transport.http_jetty.JettyHTTPHandler@730d2164 as handler
814  [main] DEBUG org.eclipse.jetty.util.component.Container  - Container org.eclipse.jetty.server.handler.ContextHandlerCollection@1040be71 + o.e.j.s.h.ContextHandler{/ss,null} as handler
814  [main] DEBUG org.eclipse.jetty.util.component.AbstractLifeCycle  - starting o.e.j.s.h.ContextHandler{/ss,null}
821  [main] DEBUG org.eclipse.jetty.util.component.AbstractLifeCycle  - starting org.apache.cxf.transport.http_jetty.JettyHTTPHandler@730d2164
822  [main] DEBUG org.eclipse.jetty.server.handler.AbstractHandler  - starting org.apache.cxf.transport.http_jetty.JettyHTTPHandler@730d2164
822  [main] DEBUG org.eclipse.jetty.util.component.AbstractLifeCycle  - STARTED org.apache.cxf.transport.http_jetty.JettyHTTPHandler@730d2164
822  [main] DEBUG org.eclipse.jetty.server.handler.AbstractHandler  - starting o.e.j.s.h.ContextHandler{/ss,null}
822  [main] DEBUG org.eclipse.jetty.util.component.AbstractLifeCycle  - STARTED o.e.j.s.h.ContextHandler{/ss,null}
822  [main] DEBUG org.apache.cxf.endpoint.ServerImpl  - register the server to serverRegistry 
12430 [qtp1020154737-17 Selector0] DEBUG org.eclipse.jetty.io.nio  - created SCEP@1d1b7f58{l(/127.0.0.1:55824)<->r(/127.0.0.1:8080),s=0,open=true,ishut=false,oshut=false,rb=false,wb=false,w=true,i=0}-{AsyncHttpConnection@1a6af37d,g=HttpGenerator{s=0,h=-1,b=-1,c=-1},p=HttpParser{s=-14,l=0,c=0},r=0}
12432 [qtp1020154737-14] DEBUG org.eclipse.jetty.http.HttpParser  - filled 509/509
12436 [qtp1020154737-14 - /ss/youtubeSOAP] DEBUG org.eclipse.jetty.server.Server  - REQUEST /ss/youtubeSOAP on AsyncHttpConnection@1a6af37d,g=HttpGenerator{s=0,h=-1,b=-1,c=-1},p=HttpParser{s=2,l=3,c=228},r=1
12436 [qtp1020154737-14 - /ss/youtubeSOAP] DEBUG org.eclipse.jetty.server.handler.ContextHandler  - scope null||/ss/youtubeSOAP @ o.e.j.s.h.ContextHandler{/ss,null}
12436 [qtp1020154737-14 - /ss/youtubeSOAP] DEBUG org.eclipse.jetty.server.handler.ContextHandler  - context=/ss||/youtubeSOAP @ o.e.j.s.h.ContextHandler{/ss,null}
12449 [qtp1020154737-14 - /ss/youtubeSOAP] DEBUG org.apache.cxf.transport.http.AbstractHTTPDestination  - Create a new message for processing
12455 [qtp1020154737-14 - /ss/youtubeSOAP] DEBUG org.apache.cxf.transport.http.Headers  - Request Headers: {Accept=[*/*], Cache-Control=[no-cache], connection=[keep-alive], Content-Length=[228], content-type=[text/xml; charset=UTF-8], Host=[localhost:8080], Pragma=[no-cache], SOAPAction=["http://crossfit.com/youtube/ChangeVideo"], User-Agent=[Apache CXF 2.7.18]}
12467 [qtp1020154737-14 - /ss/youtubeSOAP] DEBUG org.apache.cxf.phase.PhaseInterceptorChain  - Adding interceptor org.apache.cxf.ws.policy.PolicyInInterceptor@5d925bc4 to phase receive
12467 [qtp1020154737-14 - /ss/youtubeSOAP] DEBUG org.apache.cxf.phase.PhaseInterceptorChain  - Adding interceptor org.apache.cxf.interceptor.ServiceInvokerInterceptor@1ff2c6a0 to phase invoke
12468 [qtp1020154737-14 - /ss/youtubeSOAP] DEBUG org.apache.cxf.phase.PhaseInterceptorChain  - Adding interceptor org.apache.cxf.interceptor.OutgoingChainInterceptor@23740050 to phase post-invoke
12468 [qtp1020154737-14 - /ss/youtubeSOAP] DEBUG org.apache.cxf.phase.PhaseInterceptorChain  - Adding interceptor org.apache.cxf.interceptor.OneWayProcessorInterceptor@2960b3b5 to phase pre-logical
12468 [qtp1020154737-14 - /ss/youtubeSOAP] DEBUG org.apache.cxf.phase.PhaseInterceptorChain  - Adding interceptor org.apache.cxf.jaxws.interceptors.WrapperClassInInterceptor@66e39126 to phase post-logical
12468 [qtp1020154737-14 - /ss/youtubeSOAP] DEBUG org.apache.cxf.phase.PhaseInterceptorChain  - Adding interceptor org.apache.cxf.jaxws.interceptors.HolderInInterceptor@6fad9c9c to phase pre-invoke
12468 [qtp1020154737-14 - /ss/youtubeSOAP] DEBUG org.apache.cxf.phase.PhaseInterceptorChain  - Adding interceptor org.apache.cxf.jaxws.interceptors.SwAInInterceptor@6c5877b9 to phase pre-invoke
12468 [qtp1020154737-14 - /ss/youtubeSOAP] DEBUG org.apache.cxf.phase.PhaseInterceptorChain  - Adding interceptor org.apache.cxf.frontend.WSDLGetInterceptor@40099c9c to phase read
12468 [qtp1020154737-14 - /ss/youtubeSOAP] DEBUG org.apache.cxf.phase.PhaseInterceptorChain  - Adding interceptor org.apache.cxf.ws.mex.MEXInInterceptor@3a194f1a to phase pre-protocol
12468 [qtp1020154737-14 - /ss/youtubeSOAP] DEBUG org.apache.cxf.phase.PhaseInterceptorChain  - Adding interceptor org.apache.cxf.interceptor.AttachmentInInterceptor@39d36db9 to phase receive
12468 [qtp1020154737-14 - /ss/youtubeSOAP] DEBUG org.apache.cxf.phase.PhaseInterceptorChain  - Adding interceptor org.apache.cxf.interceptor.StaxInInterceptor@16993085 to phase post-stream
12468 [qtp1020154737-14 - /ss/youtubeSOAP] DEBUG org.apache.cxf.phase.PhaseInterceptorChain  - Adding interceptor org.apache.cxf.binding.soap.interceptor.SoapActionInInterceptor@1af8b3b6 to phase read
12468 [qtp1020154737-14 - /ss/youtubeSOAP] DEBUG org.apache.cxf.phase.PhaseInterceptorChain  - Adding interceptor org.apache.cxf.wsdl.interceptors.DocLiteralInInterceptor@6ae94e6c to phase unmarshal
12468 [qtp1020154737-14 - /ss/youtubeSOAP] DEBUG org.apache.cxf.phase.PhaseInterceptorChain  - Adding interceptor org.apache.cxf.binding.soap.interceptor.SoapHeaderInterceptor@48f5582d to phase unmarshal
12468 [qtp1020154737-14 - /ss/youtubeSOAP] DEBUG org.apache.cxf.phase.PhaseInterceptorChain  - Adding interceptor org.apache.cxf.binding.soap.interceptor.ReadHeadersInterceptor@17b744ae to phase read
12468 [qtp1020154737-14 - /ss/youtubeSOAP] DEBUG org.apache.cxf.phase.PhaseInterceptorChain  - Adding interceptor org.apache.cxf.binding.soap.interceptor.StartBodyInterceptor@480d30ed to phase read
12468 [qtp1020154737-14 - /ss/youtubeSOAP] DEBUG org.apache.cxf.phase.PhaseInterceptorChain  - Adding interceptor org.apache.cxf.binding.soap.interceptor.CheckFaultInterceptor@68b78dae to phase post-protocol
12468 [qtp1020154737-14 - /ss/youtubeSOAP] DEBUG org.apache.cxf.phase.PhaseInterceptorChain  - Adding interceptor org.apache.cxf.binding.soap.interceptor.MustUnderstandInterceptor@ae184a5 to phase pre-protocol
12468 [qtp1020154737-14 - /ss/youtubeSOAP] DEBUG org.apache.cxf.phase.PhaseInterceptorChain  - Adding interceptor org.apache.cxf.javascript.JavascriptGetInterceptor@275e2363 to phase read
12468 [qtp1020154737-14 - /ss/youtubeSOAP] DEBUG org.apache.cxf.phase.PhaseInterceptorChain  - Adding interceptor org.apache.cxf.jaxb.attachment.JAXBAttachmentSchemaValidationHack@6f5f53d to phase post-protocol
12469 [qtp1020154737-14 - /ss/youtubeSOAP] DEBUG org.apache.cxf.phase.PhaseInterceptorChain  - Adding interceptor org.apache.cxf.transport.https.CertConstraintsInterceptor@2aac439 to phase pre-stream
12469 [qtp1020154737-14 - /ss/youtubeSOAP] DEBUG org.apache.cxf.phase.PhaseInterceptorChain  - Chain org.apache.cxf.phase.PhaseInterceptorChain@3e1a1654 was created. Current flow:
  receive [PolicyInInterceptor, AttachmentInInterceptor]
  pre-stream [CertConstraintsInterceptor]
  post-stream [StaxInInterceptor]
  read [WSDLGetInterceptor, ReadHeadersInterceptor, SoapActionInInterceptor, StartBodyInterceptor, JavascriptGetInterceptor]
  pre-protocol [MEXInInterceptor, MustUnderstandInterceptor]
  post-protocol [CheckFaultInterceptor, JAXBAttachmentSchemaValidationHack]
  unmarshal [DocLiteralInInterceptor, SoapHeaderInterceptor]
  pre-logical [OneWayProcessorInterceptor]
  post-logical [WrapperClassInInterceptor]
  pre-invoke [SwAInInterceptor, HolderInInterceptor]
  invoke [ServiceInvokerInterceptor]
  post-invoke [OutgoingChainInterceptor]

12469 [qtp1020154737-14 - /ss/youtubeSOAP] DEBUG org.apache.cxf.phase.PhaseInterceptorChain  - Invoking handleMessage on interceptor org.apache.cxf.ws.policy.PolicyInInterceptor@5d925bc4
12470 [qtp1020154737-14 - /ss/youtubeSOAP] DEBUG org.apache.cxf.phase.PhaseInterceptorChain  - Invoking handleMessage on interceptor org.apache.cxf.interceptor.AttachmentInInterceptor@39d36db9
12477 [qtp1020154737-14 - /ss/youtubeSOAP] DEBUG org.apache.cxf.phase.PhaseInterceptorChain  - Invoking handleMessage on interceptor org.apache.cxf.transport.https.CertConstraintsInterceptor@2aac439
12477 [qtp1020154737-14 - /ss/youtubeSOAP] DEBUG org.apache.cxf.phase.PhaseInterceptorChain  - Invoking handleMessage on interceptor org.apache.cxf.interceptor.StaxInInterceptor@16993085
12525 [qtp1020154737-14 - /ss/youtubeSOAP] DEBUG org.apache.cxf.phase.PhaseInterceptorChain  - Adding interceptor org.apache.cxf.interceptor.StaxInEndingInterceptor@6794f65e to phase pre-invoke
12525 [qtp1020154737-14 - /ss/youtubeSOAP] DEBUG org.apache.cxf.phase.PhaseInterceptorChain  - Chain org.apache.cxf.phase.PhaseInterceptorChain@3e1a1654 was modified. Current flow:
  receive [PolicyInInterceptor, AttachmentInInterceptor]
  pre-stream [CertConstraintsInterceptor]
  post-stream [StaxInInterceptor]
  read [WSDLGetInterceptor, ReadHeadersInterceptor, SoapActionInInterceptor, StartBodyInterceptor, JavascriptGetInterceptor]
  pre-protocol [MEXInInterceptor, MustUnderstandInterceptor]
  post-protocol [CheckFaultInterceptor, JAXBAttachmentSchemaValidationHack]
  unmarshal [DocLiteralInInterceptor, SoapHeaderInterceptor]
  pre-logical [OneWayProcessorInterceptor]
  post-logical [WrapperClassInInterceptor]
  pre-invoke [StaxInEndingInterceptor, SwAInInterceptor, HolderInInterceptor]
  invoke [ServiceInvokerInterceptor]
  post-invoke [OutgoingChainInterceptor]

12525 [qtp1020154737-14 - /ss/youtubeSOAP] DEBUG org.apache.cxf.phase.PhaseInterceptorChain  - Invoking handleMessage on interceptor org.apache.cxf.frontend.WSDLGetInterceptor@40099c9c
12526 [qtp1020154737-14 - /ss/youtubeSOAP] DEBUG org.apache.cxf.phase.PhaseInterceptorChain  - Invoking handleMessage on interceptor org.apache.cxf.binding.soap.interceptor.ReadHeadersInterceptor@17b744ae
12531 [qtp1020154737-14 - /ss/youtubeSOAP] DEBUG org.apache.cxf.phase.PhaseInterceptorChain  - Invoking handleMessage on interceptor org.apache.cxf.binding.soap.interceptor.SoapActionInInterceptor@1af8b3b6
12531 [qtp1020154737-14 - /ss/youtubeSOAP] DEBUG org.apache.cxf.phase.PhaseInterceptorChain  - Invoking handleMessage on interceptor org.apache.cxf.binding.soap.interceptor.StartBodyInterceptor@480d30ed
12531 [qtp1020154737-14 - /ss/youtubeSOAP] DEBUG org.apache.cxf.phase.PhaseInterceptorChain  - Invoking handleMessage on interceptor org.apache.cxf.javascript.JavascriptGetInterceptor@275e2363
12531 [qtp1020154737-14 - /ss/youtubeSOAP] DEBUG org.apache.cxf.phase.PhaseInterceptorChain  - Invoking handleMessage on interceptor org.apache.cxf.ws.mex.MEXInInterceptor@3a194f1a
12531 [qtp1020154737-14 - /ss/youtubeSOAP] DEBUG org.apache.cxf.phase.PhaseInterceptorChain  - Invoking handleMessage on interceptor org.apache.cxf.binding.soap.interceptor.MustUnderstandInterceptor@ae184a5
12532 [qtp1020154737-14 - /ss/youtubeSOAP] DEBUG org.apache.cxf.phase.PhaseInterceptorChain  - Invoking handleMessage on interceptor org.apache.cxf.binding.soap.interceptor.CheckFaultInterceptor@68b78dae
12532 [qtp1020154737-14 - /ss/youtubeSOAP] DEBUG org.apache.cxf.phase.PhaseInterceptorChain  - Invoking handleMessage on interceptor org.apache.cxf.jaxb.attachment.JAXBAttachmentSchemaValidationHack@6f5f53d
12532 [qtp1020154737-14 - /ss/youtubeSOAP] DEBUG org.apache.cxf.phase.PhaseInterceptorChain  - Invoking handleMessage on interceptor org.apache.cxf.wsdl.interceptors.DocLiteralInInterceptor@6ae94e6c
12545 [qtp1020154737-14 - /ss/youtubeSOAP] DEBUG org.apache.cxf.phase.PhaseInterceptorChain  - Invoking handleMessage on interceptor org.apache.cxf.binding.soap.interceptor.SoapHeaderInterceptor@48f5582d
12545 [qtp1020154737-14 - /ss/youtubeSOAP] DEBUG org.apache.cxf.phase.PhaseInterceptorChain  - Invoking handleMessage on interceptor org.apache.cxf.interceptor.OneWayProcessorInterceptor@2960b3b5
12545 [qtp1020154737-14 - /ss/youtubeSOAP] DEBUG org.apache.cxf.phase.PhaseInterceptorChain  - Invoking handleMessage on interceptor org.apache.cxf.jaxws.interceptors.WrapperClassInInterceptor@66e39126
12548 [qtp1020154737-14 - /ss/youtubeSOAP] DEBUG org.apache.cxf.phase.PhaseInterceptorChain  - Invoking handleMessage on interceptor org.apache.cxf.interceptor.StaxInEndingInterceptor@6794f65e
12549 [qtp1020154737-14 - /ss/youtubeSOAP] DEBUG org.apache.cxf.phase.PhaseInterceptorChain  - Invoking handleMessage on interceptor org.apache.cxf.jaxws.interceptors.SwAInInterceptor@6c5877b9
12549 [qtp1020154737-14 - /ss/youtubeSOAP] DEBUG org.apache.cxf.phase.PhaseInterceptorChain  - Invoking handleMessage on interceptor org.apache.cxf.jaxws.interceptors.HolderInInterceptor@6fad9c9c
12549 [qtp1020154737-14 - /ss/youtubeSOAP] DEBUG org.apache.cxf.phase.PhaseInterceptorChain  - Invoking handleMessage on interceptor org.apache.cxf.interceptor.ServiceInvokerInterceptor@1ff2c6a0
12553 [qtp1020154737-14 - /ss/youtubeSOAP] DEBUG org.apache.cxf.phase.PhaseInterceptorChain  - Invoking handleFault on interceptor org.apache.cxf.interceptor.ServiceInvokerInterceptor@1ff2c6a0
12553 [qtp1020154737-14 - /ss/youtubeSOAP] DEBUG org.apache.cxf.phase.PhaseInterceptorChain  - Invoking handleFault on interceptor org.apache.cxf.jaxws.interceptors.HolderInInterceptor@6fad9c9c
12553 [qtp1020154737-14 - /ss/youtubeSOAP] DEBUG org.apache.cxf.phase.PhaseInterceptorChain  - Invoking handleFault on interceptor org.apache.cxf.jaxws.interceptors.SwAInInterceptor@6c5877b9
12554 [qtp1020154737-14 - /ss/youtubeSOAP] DEBUG org.apache.cxf.phase.PhaseInterceptorChain  - Invoking handleFault on interceptor org.apache.cxf.interceptor.StaxInEndingInterceptor@6794f65e
12554 [qtp1020154737-14 - /ss/youtubeSOAP] DEBUG org.apache.cxf.phase.PhaseInterceptorChain  - Invoking handleFault on interceptor org.apache.cxf.jaxws.interceptors.WrapperClassInInterceptor@66e39126
12554 [qtp1020154737-14 - /ss/youtubeSOAP] DEBUG org.apache.cxf.phase.PhaseInterceptorChain  - Invoking handleFault on interceptor org.apache.cxf.interceptor.OneWayProcessorInterceptor@2960b3b5
12554 [qtp1020154737-14 - /ss/youtubeSOAP] DEBUG org.apache.cxf.phase.PhaseInterceptorChain  - Invoking handleFault on interceptor org.apache.cxf.binding.soap.interceptor.SoapHeaderInterceptor@48f5582d
12554 [qtp1020154737-14 - /ss/youtubeSOAP] DEBUG org.apache.cxf.phase.PhaseInterceptorChain  - Invoking handleFault on interceptor org.apache.cxf.wsdl.interceptors.DocLiteralInInterceptor@6ae94e6c
12554 [qtp1020154737-14 - /ss/youtubeSOAP] DEBUG org.apache.cxf.phase.PhaseInterceptorChain  - Invoking handleFault on interceptor org.apache.cxf.jaxb.attachment.JAXBAttachmentSchemaValidationHack@6f5f53d
12554 [qtp1020154737-14 - /ss/youtubeSOAP] DEBUG org.apache.cxf.phase.PhaseInterceptorChain  - Invoking handleFault on interceptor org.apache.cxf.binding.soap.interceptor.CheckFaultInterceptor@68b78dae
12554 [qtp1020154737-14 - /ss/youtubeSOAP] DEBUG org.apache.cxf.phase.PhaseInterceptorChain  - Invoking handleFault on interceptor org.apache.cxf.binding.soap.interceptor.MustUnderstandInterceptor@ae184a5
12554 [qtp1020154737-14 - /ss/youtubeSOAP] DEBUG org.apache.cxf.phase.PhaseInterceptorChain  - Invoking handleFault on interceptor org.apache.cxf.ws.mex.MEXInInterceptor@3a194f1a
12554 [qtp1020154737-14 - /ss/youtubeSOAP] DEBUG org.apache.cxf.phase.PhaseInterceptorChain  - Invoking handleFault on interceptor org.apache.cxf.javascript.JavascriptGetInterceptor@275e2363
12554 [qtp1020154737-14 - /ss/youtubeSOAP] DEBUG org.apache.cxf.phase.PhaseInterceptorChain  - Invoking handleFault on interceptor org.apache.cxf.binding.soap.interceptor.StartBodyInterceptor@480d30ed
12554 [qtp1020154737-14 - /ss/youtubeSOAP] DEBUG org.apache.cxf.phase.PhaseInterceptorChain  - Invoking handleFault on interceptor org.apache.cxf.binding.soap.interceptor.SoapActionInInterceptor@1af8b3b6
12554 [qtp1020154737-14 - /ss/youtubeSOAP] DEBUG org.apache.cxf.phase.PhaseInterceptorChain  - Invoking handleFault on interceptor org.apache.cxf.binding.soap.interceptor.ReadHeadersInterceptor@17b744ae
12554 [qtp1020154737-14 - /ss/youtubeSOAP] DEBUG org.apache.cxf.phase.PhaseInterceptorChain  - Invoking handleFault on interceptor org.apache.cxf.frontend.WSDLGetInterceptor@40099c9c
12554 [qtp1020154737-14 - /ss/youtubeSOAP] DEBUG org.apache.cxf.phase.PhaseInterceptorChain  - Invoking handleFault on interceptor org.apache.cxf.interceptor.StaxInInterceptor@16993085
12554 [qtp1020154737-14 - /ss/youtubeSOAP] DEBUG org.apache.cxf.phase.PhaseInterceptorChain  - Invoking handleFault on interceptor org.apache.cxf.transport.https.CertConstraintsInterceptor@2aac439
12554 [qtp1020154737-14 - /ss/youtubeSOAP] DEBUG org.apache.cxf.phase.PhaseInterceptorChain  - Invoking handleFault on interceptor org.apache.cxf.interceptor.AttachmentInInterceptor@39d36db9
12554 [qtp1020154737-14 - /ss/youtubeSOAP] DEBUG org.apache.cxf.phase.PhaseInterceptorChain  - Invoking handleFault on interceptor org.apache.cxf.ws.policy.PolicyInInterceptor@5d925bc4
12555 [qtp1020154737-14 - /ss/youtubeSOAP] DEBUG org.apache.cxf.phase.PhaseInterceptorChain  - Application {http://youtube.crossfit.com/}youtubeSOAPImplService#{http://crossfit.com/youtube/}ChangeVideo has thrown exception, unwinding now
org.apache.cxf.interceptor.Fault: Invalid URL: 
	at org.apache.cxf.service.invoker.AbstractInvoker.createFault(AbstractInvoker.java:163)
	at org.apache.cxf.jaxws.AbstractJAXWSMethodInvoker.createFault(AbstractJAXWSMethodInvoker.java:272)
	at org.apache.cxf.service.invoker.AbstractInvoker.invoke(AbstractInvoker.java:129)
	at org.apache.cxf.jaxws.AbstractJAXWSMethodInvoker.invoke(AbstractJAXWSMethodInvoker.java:237)
	at org.apache.cxf.jaxws.JAXWSMethodInvoker.invoke(JAXWSMethodInvoker.java:68)
	at org.apache.cxf.service.invoker.AbstractInvoker.invoke(AbstractInvoker.java:75)
	at org.apache.cxf.interceptor.ServiceInvokerInterceptor$1.run(ServiceInvokerInterceptor.java:59)
	at java.util.concurrent.Executors$RunnableAdapter.call(Unknown Source)
	at java.util.concurrent.FutureTask.run(Unknown Source)
	at org.apache.cxf.interceptor.ServiceInvokerInterceptor$2.run(ServiceInvokerInterceptor.java:126)
	at org.apache.cxf.workqueue.SynchronousExecutor.execute(SynchronousExecutor.java:37)
	at org.apache.cxf.interceptor.ServiceInvokerInterceptor.handleMessage(ServiceInvokerInterceptor.java:131)
	at org.apache.cxf.phase.PhaseInterceptorChain.doIntercept(PhaseInterceptorChain.java:307)
	at org.apache.cxf.transport.ChainInitiationObserver.onMessage(ChainInitiationObserver.java:121)
	at org.apache.cxf.transport.http.AbstractHTTPDestination.invoke(AbstractHTTPDestination.java:240)
	at org.apache.cxf.transport.http_jetty.JettyHTTPDestination.doService(JettyHTTPDestination.java:247)
	at org.apache.cxf.transport.http_jetty.JettyHTTPHandler.handle(JettyHTTPHandler.java:72)
	at org.eclipse.jetty.server.handler.ContextHandler.doHandle(ContextHandler.java:1088)
	at org.eclipse.jetty.server.handler.ContextHandler.doScope(ContextHandler.java:1024)
	at org.eclipse.jetty.server.handler.ScopedHandler.handle(ScopedHandler.java:135)
	at org.eclipse.jetty.server.handler.ContextHandlerCollection.handle(ContextHandlerCollection.java:255)
	at org.eclipse.jetty.server.handler.HandlerWrapper.handle(HandlerWrapper.java:116)
	at org.eclipse.jetty.server.Server.handle(Server.java:366)
	at org.eclipse.jetty.server.AbstractHttpConnection.handleRequest(AbstractHttpConnection.java:494)
	at org.eclipse.jetty.server.AbstractHttpConnection.content(AbstractHttpConnection.java:982)
	at org.eclipse.jetty.server.AbstractHttpConnection$RequestHandler.content(AbstractHttpConnection.java:1043)
	at org.eclipse.jetty.http.HttpParser.parseNext(HttpParser.java:865)
	at org.eclipse.jetty.http.HttpParser.parseAvailable(HttpParser.java:240)
	at org.eclipse.jetty.server.AsyncHttpConnection.handle(AsyncHttpConnection.java:82)
	at org.eclipse.jetty.io.nio.SelectChannelEndPoint.handle(SelectChannelEndPoint.java:667)
	at org.eclipse.jetty.io.nio.SelectChannelEndPoint$1.run(SelectChannelEndPoint.java:52)
	at org.eclipse.jetty.util.thread.QueuedThreadPool.runJob(QueuedThreadPool.java:608)
	at org.eclipse.jetty.util.thread.QueuedThreadPool$3.run(QueuedThreadPool.java:543)
	at java.lang.Thread.run(Unknown Source)
Caused by: com.crossfit.youtube.QueryInvalidURL: Invalid URL: 
	at com.crossfit.youtube.youtubeSOAPImpl.changeVideo(youtubeSOAPImpl.java:7)
	at sun.reflect.NativeMethodAccessorImpl.invoke0(Native Method)
	at sun.reflect.NativeMethodAccessorImpl.invoke(Unknown Source)
	at sun.reflect.DelegatingMethodAccessorImpl.invoke(Unknown Source)
	at java.lang.reflect.Method.invoke(Unknown Source)
	at org.apache.cxf.service.invoker.AbstractInvoker.performInvocation(AbstractInvoker.java:181)
	at org.apache.cxf.service.invoker.AbstractInvoker.invoke(AbstractInvoker.java:97)
	... 31 more
12557 [qtp1020154737-14 - /ss/youtubeSOAP] DEBUG org.apache.cxf.phase.PhaseInterceptorChain  - Adding interceptor org.apache.cxf.ws.policy.ServerPolicyOutFaultInterceptor@6ce1b978 to phase setup
12557 [qtp1020154737-14 - /ss/youtubeSOAP] DEBUG org.apache.cxf.phase.PhaseInterceptorChain  - Adding interceptor org.apache.cxf.jaxws.interceptors.WebFaultOutInterceptor@c347168 to phase pre-protocol
12557 [qtp1020154737-14 - /ss/youtubeSOAP] DEBUG org.apache.cxf.phase.PhaseInterceptorChain  - Adding interceptor org.apache.cxf.interceptor.MessageSenderInterceptor@208b18d to phase prepare-send
12557 [qtp1020154737-14 - /ss/youtubeSOAP] DEBUG org.apache.cxf.phase.PhaseInterceptorChain  - Adding interceptor org.apache.cxf.interceptor.StaxOutInterceptor@7ff8235f to phase pre-stream
12557 [qtp1020154737-14 - /ss/youtubeSOAP] DEBUG org.apache.cxf.phase.PhaseInterceptorChain  - Adding interceptor org.apache.cxf.binding.soap.interceptor.SoapOutInterceptor@1eb37fa1 to phase write
12557 [qtp1020154737-14 - /ss/youtubeSOAP] DEBUG org.apache.cxf.phase.PhaseInterceptorChain  - Adding interceptor org.apache.cxf.binding.soap.interceptor.SoapOutInterceptor@3123f22e to phase write
12557 [qtp1020154737-14 - /ss/youtubeSOAP] DEBUG org.apache.cxf.phase.PhaseInterceptorChain  - Adding interceptor org.apache.cxf.binding.soap.interceptor.SoapHeaderOutFilterInterceptor@7660a95e to phase pre-logical
12557 [qtp1020154737-14 - /ss/youtubeSOAP] DEBUG org.apache.cxf.phase.PhaseInterceptorChain  - Adding interceptor org.apache.cxf.binding.soap.interceptor.Soap11FaultOutInterceptor@483c8e16 to phase prepare-send
12557 [qtp1020154737-14 - /ss/youtubeSOAP] DEBUG org.apache.cxf.phase.PhaseInterceptorChain  - Chain org.apache.cxf.phase.PhaseInterceptorChain@4df7bec7 was created. Current flow:
  setup [ServerPolicyOutFaultInterceptor]
  pre-logical [SoapHeaderOutFilterInterceptor]
  prepare-send [MessageSenderInterceptor, Soap11FaultOutInterceptor]
  pre-stream [StaxOutInterceptor]
  pre-protocol [WebFaultOutInterceptor]
  write [SoapOutInterceptor]

12557 [qtp1020154737-14 - /ss/youtubeSOAP] DEBUG org.apache.cxf.phase.PhaseInterceptorChain  - Invoking handleMessage on interceptor org.apache.cxf.ws.policy.ServerPolicyOutFaultInterceptor@6ce1b978
12558 [qtp1020154737-14 - /ss/youtubeSOAP] DEBUG org.apache.cxf.phase.PhaseInterceptorChain  - Invoking handleMessage on interceptor org.apache.cxf.binding.soap.interceptor.SoapHeaderOutFilterInterceptor@7660a95e
12558 [qtp1020154737-14 - /ss/youtubeSOAP] DEBUG org.apache.cxf.phase.PhaseInterceptorChain  - Invoking handleMessage on interceptor org.apache.cxf.interceptor.MessageSenderInterceptor@208b18d
12559 [qtp1020154737-14 - /ss/youtubeSOAP] DEBUG org.apache.cxf.phase.PhaseInterceptorChain  - Adding interceptor org.apache.cxf.interceptor.MessageSenderInterceptor$MessageSenderEndingInterceptor@55301dfd to phase prepare-send-ending
12559 [qtp1020154737-14 - /ss/youtubeSOAP] DEBUG org.apache.cxf.phase.PhaseInterceptorChain  - Chain org.apache.cxf.phase.PhaseInterceptorChain@4df7bec7 was modified. Current flow:
  setup [ServerPolicyOutFaultInterceptor]
  pre-logical [SoapHeaderOutFilterInterceptor]
  prepare-send [MessageSenderInterceptor, Soap11FaultOutInterceptor]
  pre-stream [StaxOutInterceptor]
  pre-protocol [WebFaultOutInterceptor]
  write [SoapOutInterceptor]
  prepare-send-ending [MessageSenderEndingInterceptor]

12559 [qtp1020154737-14 - /ss/youtubeSOAP] DEBUG org.apache.cxf.phase.PhaseInterceptorChain  - Invoking handleMessage on interceptor org.apache.cxf.binding.soap.interceptor.Soap11FaultOutInterceptor@483c8e16
12560 [qtp1020154737-14 - /ss/youtubeSOAP] DEBUG org.apache.cxf.phase.PhaseInterceptorChain  - Adding interceptor org.apache.cxf.binding.soap.interceptor.Soap11FaultOutInterceptor$Soap11FaultOutInterceptorInternal@43e1854d to phase marshal
12560 [qtp1020154737-14 - /ss/youtubeSOAP] DEBUG org.apache.cxf.phase.PhaseInterceptorChain  - Chain org.apache.cxf.phase.PhaseInterceptorChain@4df7bec7 was modified. Current flow:
  setup [ServerPolicyOutFaultInterceptor]
  pre-logical [SoapHeaderOutFilterInterceptor]
  prepare-send [MessageSenderInterceptor, Soap11FaultOutInterceptor]
  pre-stream [StaxOutInterceptor]
  pre-protocol [WebFaultOutInterceptor]
  write [SoapOutInterceptor]
  marshal [Soap11FaultOutInterceptorInternal]
  prepare-send-ending [MessageSenderEndingInterceptor]

12560 [qtp1020154737-14 - /ss/youtubeSOAP] DEBUG org.apache.cxf.phase.PhaseInterceptorChain  - Invoking handleMessage on interceptor org.apache.cxf.interceptor.StaxOutInterceptor@7ff8235f
12568 [qtp1020154737-14 - /ss/youtubeSOAP] DEBUG org.apache.cxf.phase.PhaseInterceptorChain  - Adding interceptor org.apache.cxf.interceptor.StaxOutEndingInterceptor@854273 to phase pre-stream-ending
12568 [qtp1020154737-14 - /ss/youtubeSOAP] DEBUG org.apache.cxf.phase.PhaseInterceptorChain  - Chain org.apache.cxf.phase.PhaseInterceptorChain@4df7bec7 was modified. Current flow:
  setup [ServerPolicyOutFaultInterceptor]
  pre-logical [SoapHeaderOutFilterInterceptor]
  prepare-send [MessageSenderInterceptor, Soap11FaultOutInterceptor]
  pre-stream [StaxOutInterceptor]
  pre-protocol [WebFaultOutInterceptor]
  write [SoapOutInterceptor]
  marshal [Soap11FaultOutInterceptorInternal]
  pre-stream-ending [StaxOutEndingInterceptor]
  prepare-send-ending [MessageSenderEndingInterceptor]

12568 [qtp1020154737-14 - /ss/youtubeSOAP] DEBUG org.apache.cxf.phase.PhaseInterceptorChain  - Invoking handleMessage on interceptor org.apache.cxf.jaxws.interceptors.WebFaultOutInterceptor@c347168
12578 [qtp1020154737-14 - /ss/youtubeSOAP] DEBUG org.apache.cxf.phase.PhaseInterceptorChain  - Invoking handleMessage on interceptor org.apache.cxf.binding.soap.interceptor.SoapOutInterceptor@1eb37fa1
12579 [qtp1020154737-14 - /ss/youtubeSOAP] DEBUG org.apache.cxf.phase.PhaseInterceptorChain  - Adding interceptor org.apache.cxf.binding.soap.interceptor.SoapOutInterceptor$SoapOutEndingInterceptor@6adf5d78 to phase write-ending
12579 [qtp1020154737-14 - /ss/youtubeSOAP] DEBUG org.apache.cxf.phase.PhaseInterceptorChain  - Chain org.apache.cxf.phase.PhaseInterceptorChain@4df7bec7 was modified. Current flow:
  setup [ServerPolicyOutFaultInterceptor]
  pre-logical [SoapHeaderOutFilterInterceptor]
  prepare-send [MessageSenderInterceptor, Soap11FaultOutInterceptor]
  pre-stream [StaxOutInterceptor]
  pre-protocol [WebFaultOutInterceptor]
  write [SoapOutInterceptor]
  marshal [Soap11FaultOutInterceptorInternal]
  write-ending [SoapOutEndingInterceptor]
  pre-stream-ending [StaxOutEndingInterceptor]
  prepare-send-ending [MessageSenderEndingInterceptor]

12579 [qtp1020154737-14 - /ss/youtubeSOAP] DEBUG org.apache.cxf.phase.PhaseInterceptorChain  - Invoking handleMessage on interceptor org.apache.cxf.binding.soap.interceptor.Soap11FaultOutInterceptor$Soap11FaultOutInterceptorInternal@43e1854d
12580 [qtp1020154737-14 - /ss/youtubeSOAP] DEBUG org.apache.cxf.phase.PhaseInterceptorChain  - Invoking handleMessage on interceptor org.apache.cxf.binding.soap.interceptor.SoapOutInterceptor$SoapOutEndingInterceptor@6adf5d78
12584 [qtp1020154737-14 - /ss/youtubeSOAP] DEBUG org.apache.cxf.phase.PhaseInterceptorChain  - Invoking handleMessage on interceptor org.apache.cxf.interceptor.StaxOutEndingInterceptor@854273
12585 [qtp1020154737-14 - /ss/youtubeSOAP] DEBUG org.apache.cxf.phase.PhaseInterceptorChain  - Invoking handleMessage on interceptor org.apache.cxf.interceptor.MessageSenderInterceptor$MessageSenderEndingInterceptor@55301dfd
12586 [qtp1020154737-14 - /ss/youtubeSOAP] DEBUG org.apache.cxf.transport.http.AbstractHTTPDestination  - Finished servicing http request on thread: Thread[qtp1020154737-14 - /ss/youtubeSOAP,5,main]
12586 [qtp1020154737-14 - /ss/youtubeSOAP] DEBUG org.eclipse.jetty.server.Server  - RESPONSE /ss/youtubeSOAP  500 handled=true
12587 [qtp1020154737-14] DEBUG org.eclipse.jetty.server.AsyncHttpConnection  - Enabled read interest SCEP@1d1b7f58{l(/127.0.0.1:55824)<->r(/127.0.0.1:8080),s=1,open=true,ishut=false,oshut=false,rb=false,wb=false,w=true,i=0r}-{AsyncHttpConnection@1a6af37d,g=HttpGenerator{s=4,h=0,b=0,c=-1},p=HttpParser{s=0,l=3,c=228},r=1}
12589 [qtp1020154737-14] DEBUG org.eclipse.jetty.http.HttpParser  - filled 0/0
13623 [qtp1020154737-14] DEBUG org.eclipse.jetty.io.nio.ChannelEndPoint  - Exception while filling
java.io.IOException: Se ha forzado la interrupción de una conexión existente por el host remoto
	at sun.nio.ch.SocketDispatcher.read0(Native Method)
	at sun.nio.ch.SocketDispatcher.read(Unknown Source)
	at sun.nio.ch.IOUtil.readIntoNativeBuffer(Unknown Source)
	at sun.nio.ch.IOUtil.read(Unknown Source)
	at sun.nio.ch.SocketChannelImpl.read(Unknown Source)
	at org.eclipse.jetty.io.nio.ChannelEndPoint.fill(ChannelEndPoint.java:235)
	at org.eclipse.jetty.io.nio.SelectChannelEndPoint.fill(SelectChannelEndPoint.java:365)
	at org.eclipse.jetty.http.HttpParser.fill(HttpParser.java:1044)
	at org.eclipse.jetty.http.HttpParser.parseNext(HttpParser.java:280)
	at org.eclipse.jetty.http.HttpParser.parseAvailable(HttpParser.java:235)
	at org.eclipse.jetty.server.AsyncHttpConnection.handle(AsyncHttpConnection.java:82)
	at org.eclipse.jetty.io.nio.SelectChannelEndPoint.handle(SelectChannelEndPoint.java:667)
	at org.eclipse.jetty.io.nio.SelectChannelEndPoint$1.run(SelectChannelEndPoint.java:52)
	at org.eclipse.jetty.util.thread.QueuedThreadPool.runJob(QueuedThreadPool.java:608)
	at org.eclipse.jetty.util.thread.QueuedThreadPool$3.run(QueuedThreadPool.java:543)
	at java.lang.Thread.run(Unknown Source)
13623 [qtp1020154737-14] DEBUG org.eclipse.jetty.http.HttpParser  - filled -1/0
13624 [qtp1020154737-14] DEBUG org.eclipse.jetty.server.AsyncHttpConnection  - Disabled read interest while writing response SCEP@1d1b7f58{l(/127.0.0.1:55824)<->r(0.0.0.0/0.0.0.0:8080),s=1,open=false,ishut=true,oshut=true,rb=false,wb=false,w=true,i=1!}-{AsyncHttpConnection@1a6af37d,g=HttpGenerator{s=0,h=-1,b=-1,c=-1},p=HttpParser{s=0,l=0,c=-3},r=1}
13626 [qtp1020154737-17 Selector0] DEBUG org.eclipse.jetty.io.nio  - destroyEndPoint SCEP@1d1b7f58{l(null)<->r(0.0.0.0/0.0.0.0:8080),s=0,open=false,ishut=true,oshut=true,rb=false,wb=false,w=true,i=1!}-{AsyncHttpConnection@1a6af37d,g=HttpGenerator{s=0,h=-1,b=-1,c=-1},p=HttpParser{s=0,l=0,c=-3},r=1}
13626 [qtp1020154737-17 Selector0] DEBUG org.eclipse.jetty.server.AbstractHttpConnection  - closed AsyncHttpConnection@1a6af37d,g=HttpGenerator{s=0,h=-1,b=-1,c=-1},p=HttpParser{s=0,l=0,c=-3},r=1
